<!DOCTYPE html PUBLIC "-//W3C//DTD XHTML 1.1//EN" "http://www.w3.org/TR/xhtml11/DTD/xhtml11.dtd">
<html xmlns="http://www.w3.org/1999/xhtml"><head><title>TestNG Report</title><style type="text/css">table {margin-bottom:10px;border-collapse:collapse;empty-cells:show}th,td {border:1px solid #009;padding:.25em .5em}th {vertical-align:bottom}td {vertical-align:top}table a {font-weight:bold}.stripe td {background-color: #E6EBF9}.num {text-align:right}.passedodd td {background-color: #3F3}.passedeven td {background-color: #0A0}.skippedodd td {background-color: #DDD}.skippedeven td {background-color: #CCC}.failedodd td,.attn {background-color: #F33}.failedeven td,.stripe .attn {background-color: #D00}.stacktrace {white-space:pre;font-family:monospace}.totop {font-size:85%;text-align:center;border-bottom:2px solid #000}</style></head><body><table><tr><th>Test</th><th># Passed</th><th># Skipped</th><th># Failed</th><th>Time (ms)</th><th>Included Groups</th><th>Excluded Groups</th></tr><tr><th colspan="7">BDTSuite</th></tr><tr><td><a href="#t0">PSA-Test</a></td><td class="num">0</td><td class="num attn">1</td><td class="num">0</td><td class="num">400</td><td></td><td></td></tr></table><table><thead><tr><th>Class</th><th>Method</th><th>Start</th><th>Time (ms)</th></tr></thead><tbody><tr><th colspan="4">BDTSuite</th></tr></tbody><tbody id="t0"><tr><th colspan="4">PSA-Test &#8212; failed (configuration methods)</th></tr><tr class="failedeven"><td rowspan="4">continuum.cucumber.testRunner.TestRunner</td><td><a href="#m0">afterTest</a></td><td rowspan="1">1476361369675</td><td rowspan="1">0</td></tr><tr class="failedeven"><td><a href="#m1">beforeTest</a></td><td rowspan="1">1476361369285</td><td rowspan="1">0</td></tr><tr class="failedeven"><td><a href="#m2">setUpClass</a></td><td rowspan="1">1476361369315</td><td rowspan="1">0</td></tr><tr class="failedeven"><td><a href="#m3">tearDownClass</a></td><td rowspan="1">1476361369335</td><td rowspan="1">0</td></tr><tr><th colspan="4">PSA-Test &#8212; skipped</th></tr><tr class="skippedeven"><td rowspan="1">continuum.cucumber.testRunner.TestRunner</td><td><a href="#m4">feature</a></td><td rowspan="1">1476361369335</td><td rowspan="1">0</td></tr></tbody></table><h2>PSA-Test</h2><h3 id="m0">continuum.cucumber.testRunner.TestRunner#afterTest</h3><table class="result"><tr><th>Exception</th></tr><tr><td><div class="stacktrace">java.lang.NullPointerException
	at continuum.cucumber.testRunner.TestRunner.afterTest(TestRunner.java:85)
... Removed 22 stack frames</div></td></tr></table><p class="totop"><a href="#summary">back to summary</a></p><h3 id="m1">continuum.cucumber.testRunner.TestRunner#beforeTest</h3><table class="result"><tr><th>Exception</th></tr><tr><td><div class="stacktrace">java.lang.NoClassDefFoundError: org/junit/runners/model/TestClass
	at continuum.cucumber.Utilities.getMavenProperties(Utilities.java:42)
	at continuum.cucumber.testRunner.TestRunner.beforeTest(TestRunner.java:59)
Caused by: java.lang.ClassNotFoundException: org.junit.runners.model.TestClass
	at java.net.URLClassLoader.findClass(URLClassLoader.java:381)
	at java.lang.ClassLoader.loadClass(ClassLoader.java:424)
	at sun.misc.Launcher$AppClassLoader.loadClass(Launcher.java:331)
	at java.lang.ClassLoader.loadClass(ClassLoader.java:357)
	... 24 more
... Removed 22 stack frames</div></td></tr></table><p class="totop"><a href="#summary">back to summary</a></p><h3 id="m2">continuum.cucumber.testRunner.TestRunner#setUpClass</h3><table class="result"><tr><th>Exception</th></tr><tr><td><div class="stacktrace">java.lang.NoClassDefFoundError: org/junit/runners/model/TestClass
	at continuum.cucumber.Utilities.getMavenProperties(Utilities.java:42)
	at continuum.cucumber.SeleniumServerUtility.startServer(SeleniumServerUtility.java:24)
	at continuum.cucumber.testRunner.TestRunner.setUpClass(TestRunner.java:52)
... Removed 24 stack frames</div></td></tr></table><p class="totop"><a href="#summary">back to summary</a></p><h3 id="m3">continuum.cucumber.testRunner.TestRunner#tearDownClass</h3><table class="result"><tr><th>Exception</th></tr><tr><td><div class="stacktrace">java.lang.NullPointerException
	at continuum.cucumber.testRunner.TestRunner.tearDownClass(TestRunner.java:91)
... Removed 24 stack frames</div></td></tr></table><p class="totop"><a href="#summary">back to summary</a></p><h3 id="m4">continuum.cucumber.testRunner.TestRunner#feature</h3><table class="result"><tr><th>Exception</th></tr><tr><td><div class="stacktrace">java.lang.RuntimeException: java.lang.NullPointerException
Caused by: java.lang.NullPointerException
	at continuum.cucumber.testRunner.TestRunner.features(TestRunner.java:80)
	... 20 more
... Removed 27 stack frames</div></td></tr></table><p class="totop"><a href="#summary">back to summary</a></p></body></html>