<?xml version="1.0" encoding="UTF-8"?>
<!-- Generated by org.testng.reporters.JUnitXMLReporter -->
<testsuite hostname="RMM-LT-654" name="PSA-Test" tests="1" failures="0" timestamp="13 Oct 2016 12:22:49 GMT" time="0.4" errors="0">
  <testcase name="@BeforeTest beforeTest" time="0.0" classname="continuum.cucumber.testRunner.TestRunner">
    <failure type="java.lang.NoClassDefFoundError" message="org/junit/runners/model/TestClass">
      <![CDATA[java.lang.NoClassDefFoundError: org/junit/runners/model/TestClass
	at continuum.cucumber.Utilities.getMavenProperties(Utilities.java:42)
	at continuum.cucumber.testRunner.TestRunner.beforeTest(TestRunner.java:59)
Caused by: java.lang.ClassNotFoundException: org.junit.runners.model.TestClass
	at java.net.URLClassLoader.findClass(URLClassLoader.java:381)
	at java.lang.ClassLoader.loadClass(ClassLoader.java:424)
	at sun.misc.Launcher$AppClassLoader.loadClass(Launcher.java:331)
	at java.lang.ClassLoader.loadClass(ClassLoader.java:357)
	... 24 more
... Removed 22 stack frames]]>
    </failure>
  </testcase> <!-- @BeforeTest beforeTest -->
  <testcase name="@BeforeClass setUpClass" time="0.0" classname="continuum.cucumber.testRunner.TestRunner">
    <failure type="java.lang.NoClassDefFoundError" message="org/junit/runners/model/TestClass">
      <![CDATA[java.lang.NoClassDefFoundError: org/junit/runners/model/TestClass
	at continuum.cucumber.Utilities.getMavenProperties(Utilities.java:42)
	at continuum.cucumber.SeleniumServerUtility.startServer(SeleniumServerUtility.java:24)
	at continuum.cucumber.testRunner.TestRunner.setUpClass(TestRunner.java:52)
... Removed 24 stack frames]]>
    </failure>
  </testcase> <!-- @BeforeClass setUpClass -->
  <testcase name="@AfterClass tearDownClass" time="0.0" classname="continuum.cucumber.testRunner.TestRunner">
    <failure type="java.lang.NullPointerException">
      <![CDATA[java.lang.NullPointerException
	at continuum.cucumber.testRunner.TestRunner.tearDownClass(TestRunner.java:91)
... Removed 24 stack frames]]>
    </failure>
  </testcase> <!-- @AfterClass tearDownClass -->
  <testcase name="@AfterTest afterTest" time="0.0" classname="continuum.cucumber.testRunner.TestRunner">
    <failure type="java.lang.NullPointerException">
      <![CDATA[java.lang.NullPointerException
	at continuum.cucumber.testRunner.TestRunner.afterTest(TestRunner.java:85)
... Removed 22 stack frames]]>
    </failure>
  </testcase> <!-- @AfterTest afterTest -->
  <testcase name="feature" time="0.0" classname="continuum.cucumber.testRunner.TestRunner">
    <skipped/>
  </testcase> <!-- feature -->
</testsuite> <!-- PSA-Test -->
